
Showing logs for build [32mcb-kubecd-environment-pr-172-29-mk8hv-1[0m stage [32mfrom-build-pack[0m and container [32mstep-credential-initializer-l2spl[0m
{"level":"warn","ts":1583257153.2645156,"logger":"fallback-logger","caller":"logging/config.go:69","msg":"Fetch GitHub commit ID from kodata failed: \"ref: refs/heads/0.8.0-**-support-backwards-incompats\" is not a valid GitHub commit ID"}
{"level":"info","ts":1583257153.26513,"logger":"fallback-logger","caller":"creds-init/main.go:40","msg":"Credentials initialized."}

Showing logs for build [32mcb-kubecd-environment-pr-172-29-mk8hv-1[0m stage [32mfrom-build-pack[0m and container [32mstep-working-dir-initializer-knbft[0m
{"level":"warn","ts":1583257154.2797074,"logger":"fallback-logger","caller":"logging/config.go:69","msg":"Fetch GitHub commit ID from kodata failed: open /var/run/ko/HEAD: no such file or directory"}
{"level":"info","ts":1583257154.2812333,"logger":"fallback-logger","caller":"bash/main.go:64","msg":"Successfully executed command \"sh -c mkdir -p /workspace/source\"; output "}

Showing logs for build [32mcb-kubecd-environment-pr-172-29-mk8hv-1[0m stage [32mfrom-build-pack[0m and container [32mstep-place-tools[0m

Showing logs for build [32mcb-kubecd-environment-pr-172-29-mk8hv-1[0m stage [32mfrom-build-pack[0m and container [32mstep-git-source-cb-kubecd-environment-pr-172-29-mk8hv-5x4k4[0m
{"level":"warn","ts":1583257158.4305885,"logger":"fallback-logger","caller":"logging/config.go:69","msg":"Fetch GitHub commit ID from kodata failed: \"ref: refs/heads/0.8.0-**-support-backwards-incompats\" is not a valid GitHub commit ID"}
{"level":"info","ts":1583257159.5650516,"logger":"fallback-logger","caller":"git/git.go:103","msg":"Successfully cloned https://github.com/cb-kubecd/environment-pr-172-29-boot-gke-staging.git @ master in path /workspace/source"}

Showing logs for build [32mcb-kubecd-environment-pr-172-29-mk8hv-1[0m stage [32mfrom-build-pack[0m and container [32mstep-git-merge[0m
Using SHAs from PULL_REFS=master:196703b4739e1e1e5928010351d6ce3384fe711c,6:148a1a5a3338cb683bb91f255dca1763bbc54519
DEBUG: LC_ALL=C JX_LOG_LEVEL=error git fetch origin --unshallow 148a1a5a3338cb683bb91f255dca1763bbc54519: 196703b4739e1e1e5928010351d6ce3384fe711c:
DEBUG: ran git fetch --unshallow origin 148a1a5a3338cb683bb91f255dca1763bbc54519: 196703b4739e1e1e5928010351d6ce3384fe711c: in 
DEBUG: JX_LOG_LEVEL=error LC_ALL=C git branch
DEBUG: LC_ALL=C JX_LOG_LEVEL=error git checkout master
DEBUG: ran git checkout master in 
DEBUG: LC_ALL=C JX_LOG_LEVEL=error git reset --hard 196703b4739e1e1e5928010351d6ce3384fe711c
DEBUG: ran git reset --hard 196703b4739e1e1e5928010351d6ce3384fe711c in 
DEBUG: JX_LOG_LEVEL=error LC_ALL=C git clean -fd .
DEBUG: ran clean --force -d . in 
DEBUG: LC_ALL=C JX_LOG_LEVEL=error git merge 148a1a5a3338cb683bb91f255dca1763bbc54519
DEBUG: ran git merge 148a1a5a3338cb683bb91f255dca1763bbc54519 in 
DEBUG: LC_ALL=C JX_LOG_LEVEL=error git log --format=%H%x1f%an%x1f%ae%x1f%cn%x1f%ce%x1f%s%n%b%x1e 196703b4739e1e1e5928010351d6ce3384fe711c..HEAD
Merged SHA 148a1a5a3338cb683bb91f255dca1763bbc54519 with commit message 'chore: Promote bdd-ghf**y-import-1583256199 to version 0.0.1' into base branch master

Showing logs for build [32mcb-kubecd-environment-pr-172-29-mk8hv-1[0m stage [32mfrom-build-pack[0m and container [32mstep-build-helm-build[0m
WARNING: No $CHART_REPOSITORY defined so using the default value of: http://jenkins-x-chartmuseum:8080
Adding missing Helm repo: storage.googleapis.com https://storage.googleapis.com/chartmuseum.jenkins-x.io
WARNING: No secrets found on "helm/repos" due: reading the secret "helm/repos" from vault: no secret "helm/repos" not found in vault
Read credentials for https://storage.googleapis.com/chartmuseum.jenkins-x.io from vault helm/repos
Successfully added Helm repository storage.googleapis.com.
Adding missing Helm repo: jenkins-x-chartmuseum http://jenkins-x-chartmuseum:8080
WARNING: No secrets found on "helm/repos" due: reading the secret "helm/repos" from vault: no secret "helm/repos" not found in vault
Read credentials for http://jenkins-x-chartmuseum:8080 from vault helm/repos
Successfully added Helm repository jenkins-x-chartmuseum.
WARNING: No $CHART_REPOSITORY defined so using the default value of: http://jenkins-x-chartmuseum:8080
Adding missing Helm repo: chartmuseum.jenkins-x.io http://chartmuseum.jenkins-x.io
WARNING: No secrets found on "helm/repos" due: reading the secret "helm/repos" from vault: no secret "helm/repos" not found in vault
Read credentials for http://chartmuseum.jenkins-x.io from vault helm/repos
Successfully added Helm repository chartmuseum.jenkins-x.io.
