
Showing logs for build [32mcb-kubecd-environment-pr-172-29-pfdnk-1[0m stage [32mfrom-build-pack[0m and container [32mstep-credential-initializer-p57f5[0m
{"level":"warn","ts":1583257613.2866335,"logger":"fallback-logger","caller":"logging/config.go:69","msg":"Fetch GitHub commit ID from kodata failed: \"ref: refs/heads/0.8.0-**-support-backwards-incompats\" is not a valid GitHub commit ID"}
{"level":"info","ts":1583257613.2884192,"logger":"fallback-logger","caller":"creds-init/main.go:40","msg":"Credentials initialized."}

Showing logs for build [32mcb-kubecd-environment-pr-172-29-pfdnk-1[0m stage [32mfrom-build-pack[0m and container [32mstep-working-dir-initializer-2wgcx[0m
{"level":"warn","ts":1583257614.638402,"logger":"fallback-logger","caller":"logging/config.go:69","msg":"Fetch GitHub commit ID from kodata failed: open /var/run/ko/HEAD: no such file or directory"}
{"level":"info","ts":1583257614.6518242,"logger":"fallback-logger","caller":"bash/main.go:64","msg":"Successfully executed command \"sh -c mkdir -p /workspace/source\"; output "}

Showing logs for build [32mcb-kubecd-environment-pr-172-29-pfdnk-1[0m stage [32mfrom-build-pack[0m and container [32mstep-place-tools[0m

Showing logs for build [32mcb-kubecd-environment-pr-172-29-pfdnk-1[0m stage [32mfrom-build-pack[0m and container [32mstep-git-source-cb-kubecd-environment-pr-172-29-pfdnk-msmg4[0m
{"level":"warn","ts":1583257619.9544969,"logger":"fallback-logger","caller":"logging/config.go:69","msg":"Fetch GitHub commit ID from kodata failed: \"ref: refs/heads/0.8.0-**-support-backwards-incompats\" is not a valid GitHub commit ID"}
{"level":"info","ts":1583257621.0313575,"logger":"fallback-logger","caller":"git/git.go:103","msg":"Successfully cloned https://github.com/cb-kubecd/environment-pr-172-29-boot-gke-staging.git @ master in path /workspace/source"}

Showing logs for build [32mcb-kubecd-environment-pr-172-29-pfdnk-1[0m stage [32mfrom-build-pack[0m and container [32mstep-git-merge[0m
Using SHAs from PULL_REFS=master:ef0fadcaae0de78038b434e625f820e6dd7dc75b,7:278abd6be769d23cdf17b55c029c28cfcb53fb67
DEBUG: JX_LOG_LEVEL=error LC_ALL=C git fetch origin --unshallow 278abd6be769d23cdf17b55c029c28cfcb53fb67: ef0fadcaae0de78038b434e625f820e6dd7dc75b:
DEBUG: ran git fetch --unshallow origin 278abd6be769d23cdf17b55c029c28cfcb53fb67: ef0fadcaae0de78038b434e625f820e6dd7dc75b: in 
DEBUG: LC_ALL=C JX_LOG_LEVEL=error git branch
DEBUG: JX_LOG_LEVEL=error LC_ALL=C git checkout master
DEBUG: ran git checkout master in 
DEBUG: JX_LOG_LEVEL=error LC_ALL=C git reset --hard ef0fadcaae0de78038b434e625f820e6dd7dc75b
DEBUG: ran git reset --hard ef0fadcaae0de78038b434e625f820e6dd7dc75b in 
DEBUG: LC_ALL=C JX_LOG_LEVEL=error git clean -fd .
DEBUG: ran clean --force -d . in 
DEBUG: LC_ALL=C JX_LOG_LEVEL=error git merge 278abd6be769d23cdf17b55c029c28cfcb53fb67
DEBUG: ran git merge 278abd6be769d23cdf17b55c029c28cfcb53fb67 in 
DEBUG: LC_ALL=C JX_LOG_LEVEL=error git log --format=%H%x1f%an%x1f%ae%x1f%cn%x1f%ce%x1f%s%n%b%x1e ef0fadcaae0de78038b434e625f820e6dd7dc75b..HEAD
Merged SHA 278abd6be769d23cdf17b55c029c28cfcb53fb67 with commit message 'chore: Promote bdd-nh-import-1583256199 to version 0.0.1' into base branch master

Showing logs for build [32mcb-kubecd-environment-pr-172-29-pfdnk-1[0m stage [32mfrom-build-pack[0m and container [32mstep-build-helm-build[0m
WARNING: No $CHART_REPOSITORY defined so using the default value of: http://jenkins-x-chartmuseum:8080
Adding missing Helm repo: storage.googleapis.com https://storage.googleapis.com/chartmuseum.jenkins-x.io
WARNING: No secrets found on "helm/repos" due: reading the secret "helm/repos" from vault: no secret "helm/repos" not found in vault
Read credentials for https://storage.googleapis.com/chartmuseum.jenkins-x.io from vault helm/repos
Successfully added Helm repository storage.googleapis.com.
Adding missing Helm repo: jenkins-x-chartmuseum http://jenkins-x-chartmuseum:8080
WARNING: No secrets found on "helm/repos" due: reading the secret "helm/repos" from vault: no secret "helm/repos" not found in vault
Read credentials for http://jenkins-x-chartmuseum:8080 from vault helm/repos
Successfully added Helm repository jenkins-x-chartmuseum.
WARNING: No $CHART_REPOSITORY defined so using the default value of: http://jenkins-x-chartmuseum:8080
Adding missing Helm repo: chartmuseum.jenkins-x.io http://chartmuseum.jenkins-x.io
WARNING: No secrets found on "helm/repos" due: reading the secret "helm/repos" from vault: no secret "helm/repos" not found in vault
Read credentials for http://chartmuseum.jenkins-x.io from vault helm/repos
Successfully added Helm repository chartmuseum.jenkins-x.io.
